{"numFailedTestSuites":1,"numFailedTests":1,"numPassedTestSuites":0,"numPassedTests":2,"numPendingTestSuites":0,"numPendingTests":0,"numRuntimeErrorTestSuites":0,"numTodoTests":0,"numTotalTestSuites":1,"numTotalTests":3,"openHandles":[],"snapshot":{"added":0,"didUpdate":false,"failure":false,"filesAdded":0,"filesRemoved":0,"filesRemovedList":[],"filesUnmatched":0,"filesUpdated":0,"matched":0,"total":0,"unchecked":0,"uncheckedKeysByFile":[],"unmatched":0,"updated":0},"startTime":1615891148319,"success":false,"testResults":[{"assertionResults":[{"ancestorTitles":[],"failureMessages":[],"fullName":"So much math","location":{"column":1,"line":3},"status":"passed","title":"So much math"},{"ancestorTitles":[],"failureMessages":[],"fullName":"So much more math","location":{"column":1,"line":7},"status":"passed","title":"So much more math"},{"ancestorTitles":[],"failureMessages":["Error: \u001b[2mexpect(\u001b[22m\u001b[31mreceived\u001b[39m\u001b[2m).\u001b[22mtoBe\u001b[2m(\u001b[22m\u001b[32mexpected\u001b[39m\u001b[2m) // Object.is equality\u001b[22m\n\nExpected: \u001b[32m3\u001b[39m\nReceived: \u001b[31m4\u001b[39m\n    at Object.<anonymous> (/Users/tom/PhpstormProjects/private/jest-report-test-repo/test/awesome.test.js:12:29)\n    at Object.asyncJestTest (/Users/tom/PhpstormProjects/private/jest-report-test-repo/node_modules/jest-jasmine2/build/jasmineAsyncInstall.js:106:37)\n    at /Users/tom/PhpstormProjects/private/jest-report-test-repo/node_modules/jest-jasmine2/build/queueRunner.js:45:12\n    at new Promise (<anonymous>)\n    at mapper (/Users/tom/PhpstormProjects/private/jest-report-test-repo/node_modules/jest-jasmine2/build/queueRunner.js:28:19)\n    at /Users/tom/PhpstormProjects/private/jest-report-test-repo/node_modules/jest-jasmine2/build/queueRunner.js:75:41\n    at processTicksAndRejections (node:internal/process/task_queues:94:5)"],"fullName":"So much more wrong math","location":{"column":1,"line":11},"status":"failed","title":"So much more wrong math"}],"endTime":1615891149928,"message":"\u001b[1m\u001b[31m  \u001b[1m● \u001b[22m\u001b[1mSo much more wrong math\u001b[39m\u001b[22m\n\n    \u001b[2mexpect(\u001b[22m\u001b[31mreceived\u001b[39m\u001b[2m).\u001b[22mtoBe\u001b[2m(\u001b[22m\u001b[32mexpected\u001b[39m\u001b[2m) // Object.is equality\u001b[22m\n\n    Expected: \u001b[32m3\u001b[39m\n    Received: \u001b[31m4\u001b[39m\n\u001b[2m\u001b[22m\n\u001b[2m    \u001b[0m \u001b[90m 10 |\u001b[39m\u001b[0m\u001b[22m\n\u001b[2m    \u001b[0m \u001b[90m 11 |\u001b[39m test(\u001b[32m'So much more wrong math'\u001b[39m\u001b[33m,\u001b[39m () \u001b[33m=>\u001b[39m {\u001b[0m\u001b[22m\n\u001b[2m    \u001b[0m\u001b[31m\u001b[1m>\u001b[22m\u001b[2m\u001b[39m\u001b[90m 12 |\u001b[39m     expect(sum(\u001b[35m1\u001b[39m\u001b[33m,\u001b[39m \u001b[35m3\u001b[39m\u001b[33m,\u001b[39m \u001b[36mtrue\u001b[39m))\u001b[33m.\u001b[39mtoBe(\u001b[35m3\u001b[39m)\u001b[33m;\u001b[39m\u001b[0m\u001b[22m\n\u001b[2m    \u001b[0m \u001b[90m    |\u001b[39m                             \u001b[31m\u001b[1m^\u001b[22m\u001b[2m\u001b[39m\u001b[0m\u001b[22m\n\u001b[2m    \u001b[0m \u001b[90m 13 |\u001b[39m })\u001b[0m\u001b[22m\n\u001b[2m    \u001b[0m \u001b[90m 14 |\u001b[39m\u001b[0m\u001b[22m\n\u001b[2m\u001b[22m\n\u001b[2m      \u001b[2mat Object.<anonymous> (\u001b[22m\u001b[2m\u001b[0m\u001b[36mtest/awesome.test.js\u001b[39m\u001b[0m\u001b[2m:12:29)\u001b[22m\u001b[2m\u001b[22m\n","name":"/Users/tom/PhpstormProjects/private/jest-report-test-repo/test/awesome.test.js","startTime":1615891149111,"status":"failed","summary":""}],"wasInterrupted":false,"coverageMap":{"/Users/tom/PhpstormProjects/private/jest-report-test-repo/src/AwesomeMathLib.js":{"path":"/Users/tom/PhpstormProjects/private/jest-report-test-repo/src/AwesomeMathLib.js","statementMap":{"0":{"start":{"line":1,"column":0},"end":{"line":4,"column":1}},"1":{"start":{"line":2,"column":4},"end":{"line":3,"column":22}},"2":{"start":{"line":2,"column":12},"end":{"line":2,"column":25}},"3":{"start":{"line":3,"column":9},"end":{"line":3,"column":22}}},"fnMap":{"0":{"name":"(anonymous_0)","decl":{"start":{"line":1,"column":17},"end":{"line":1,"column":18}},"loc":{"start":{"line":1,"column":38},"end":{"line":4,"column":1}},"line":1}},"branchMap":{"0":{"loc":{"start":{"line":2,"column":4},"end":{"line":3,"column":22}},"type":"if","locations":[{"start":{"line":2,"column":4},"end":{"line":3,"column":22}},{"start":{"line":2,"column":4},"end":{"line":3,"column":22}}],"line":2}},"s":{"0":1,"1":3,"2":2,"3":1},"f":{"0":3},"b":{"0":[2,1]},"_coverageSchema":"1a1c01bbd47fc00a2c39e90264f33305004495a9","hash":"32fa095c95938df612d8af23c6e7976df7ea490a"}}}